<?xml version="1.0" encoding="UTF-8"?>
<!-- Generated by org.testng.reporters.JUnitReportReporter -->
<testsuite skipped="0" hostname="DESKTOP-BSUKEFJ" name="TestUtil.TestScreenshot" tests="1" failures="0" timestamp="2020-04-08T00:50:54 IST" time="29.398" errors="0">
  <testcase name="demoscreenshot" time="29.398" classname="TestUtil.TestScreenshot"/>
  <system-out/>
</testsuite> <!-- TestUtil.TestScreenshot -->
