<?xml version="1.0" encoding="UTF-8"?>
<!-- Generated by org.testng.reporters.JUnitReportReporter -->
<testsuite skipped="0" hostname="DESKTOP-BSUKEFJ" name="com.MyTests.LoginTest" tests="2" failures="0" timestamp="2020-04-11T17:52:29 IST" time="20.554" errors="0">
  <testcase name="verifyLoginPageTitleTest" time="9.207" classname="com.MyTests.LoginTest"/>
  <system-out/>
  <testcase name="doLoginTest" time="11.347" classname="com.MyTests.LoginTest"/>
  <system-out/>
</testsuite> <!-- com.MyTests.LoginTest -->
