<?xml version="1.0" encoding="UTF-8"?>
<!-- Generated by org.testng.reporters.JUnitReportReporter -->
<testsuite skipped="0" hostname="DESKTOP-BSUKEFJ" name="FunctionalTest.Datepicker" tests="1" failures="0" timestamp="2020-04-11T17:52:29 IST" time="24.771" errors="0">
  <testcase name="formatDate" time="24.771" classname="FunctionalTest.Datepicker"/>
  <system-out/>
</testsuite> <!-- FunctionalTest.Datepicker -->
