<?xml version="1.0" encoding="UTF-8"?>
<!-- Generated by org.testng.reporters.JUnitReportReporter -->
<testsuite skipped="0" hostname="DESKTOP-BSUKEFJ" name="UITest.HomepageHeader" tests="1" failures="0" timestamp="2020-04-07T17:43:47 IST" time="149.626" errors="0">
  <testcase name="countInteractionMenu" time="149.626" classname="UITest.HomepageHeader"/>
  <system-out/>
</testsuite> <!-- UITest.HomepageHeader -->
