<?xml version="1.0" encoding="UTF-8"?>
<!-- Generated by org.testng.reporters.JUnitReportReporter -->
<testsuite skipped="0" hostname="DESKTOP-BSUKEFJ" name="com.MyTests.LoginTest" tests="2" failures="0" timestamp="2020-04-12T00:29:59 IST" time="31.561" errors="0">
  <testcase name="verifyLoginPageTitleTest" time="10.414" classname="com.MyTests.LoginTest"/>
  <system-out/>
  <testcase name="doLoginTest" time="21.147" classname="com.MyTests.LoginTest"/>
  <system-out/>
</testsuite> <!-- com.MyTests.LoginTest -->
